<?xml version="1.0" encoding="UTF-8"?>
<testng-results ignored="0" total="1" passed="1" failed="0" skipped="0">
  <reporter-output>
  </reporter-output>
  <suite started-at="2024-02-02T11:09:28 IST" name="Default suite" finished-at="2024-02-02T11:09:41 IST" duration-ms="12959">
    <groups>
    </groups>
    <test started-at="2024-02-02T11:09:28 IST" name="Default test" finished-at="2024-02-02T11:09:41 IST" duration-ms="12959">
      <class name="array.com.Alert">
        <test-method signature="done()[pri:0, instance:array.com.Alert@7c24b813]" started-at="2024-02-02T11:09:28 IST" name="done" finished-at="2024-02-02T11:09:41 IST" duration-ms="12880" status="PASS">
          <reporter-output>
          </reporter-output>
        </test-method> <!-- done -->
      </class> <!-- array.com.Alert -->
    </test> <!-- Default test -->
  </suite> <!-- Default suite -->
</testng-results>
