<?xml version="1.0" encoding="UTF-8"?>
<testng-results ignored="0" total="1" passed="1" failed="0" skipped="0">
  <reporter-output>
  </reporter-output>
  <suite started-at="2024-01-04T17:40:15 IST" name="Default suite" finished-at="2024-01-04T17:40:25 IST" duration-ms="10014">
    <groups>
    </groups>
    <test started-at="2024-01-04T17:40:15 IST" name="Default test" finished-at="2024-01-04T17:40:25 IST" duration-ms="10014">
      <class name="Extends">
        <test-method is-config="true" signature="getExtends()[pri:0, instance:Extends@73e22a3d]" started-at="2024-01-04T17:40:15 IST" name="getExtends" finished-at="2024-01-04T17:40:16 IST" duration-ms="739" status="PASS">
          <reporter-output>
          </reporter-output>
        </test-method> <!-- getExtends -->
        <test-method signature="geturl()[pri:0, instance:Extends@73e22a3d]" started-at="2024-01-04T17:40:16 IST" name="geturl" finished-at="2024-01-04T17:40:25 IST" duration-ms="9144" status="PASS">
          <reporter-output>
          </reporter-output>
        </test-method> <!-- geturl -->
      </class> <!-- Extends -->
    </test> <!-- Default test -->
  </suite> <!-- Default suite -->
</testng-results>
