<?xml version="1.0" encoding="UTF-8"?>
<!-- Generated by org.testng.reporters.JUnitXMLReporter -->
<testsuite ignored="0" hostname="DESKTOP-U61ILI3" failures="0" tests="3" name="Test" time="11.781" errors="0" timestamp="2023-12-26T11:54:14 IST">
  <testcase classname="yarago.testng.com.TestngOne" name="two" time="0.036"/>
  <testcase classname="yarago.testng.com.TestngOne" name="URL" time="11.567"/>
  <testcase classname="yarago.testng.com.TestngOne" name="three" time="0.002"/>
</testsuite> <!-- Test -->
